<?xml version="1.0" encoding="UTF-8"?>
<testng-results ignored="0" total="1" passed="1" failed="0" skipped="0">
  <reporter-output>
  </reporter-output>
  <suite started-at="2024-10-12T17:18:07 IST" name="Default suite" finished-at="2024-10-12T17:18:16 IST" duration-ms="8704">
    <groups>
    </groups>
    <test started-at="2024-10-12T17:18:07 IST" name="Default test" finished-at="2024-10-12T17:18:16 IST" duration-ms="8704">
      <class name="hrms.testscript.TC002">
        <test-method signature="tc002()[pri:0, instance:hrms.testscript.TC002@2ed2d9cb]" started-at="2024-10-12T17:18:07 IST" name="tc002" finished-at="2024-10-12T17:18:16 IST" duration-ms="8643" status="PASS">
          <reporter-output>
          </reporter-output>
        </test-method> <!-- tc002 -->
      </class> <!-- hrms.testscript.TC002 -->
    </test> <!-- Default test -->
  </suite> <!-- Default suite -->
</testng-results>
